{
  "RSpec": {
    "coverage": {
      "/Users/megsvetz/megsvetz/coding/sites/bucket/spec/models/category_spec.rb": [
        1,
        null,
        1,
        null,
        1,
        2,
        2,
        null,
        null,
        null
      ],
      "/Users/megsvetz/megsvetz/coding/sites/bucket/spec/rails_helper.rb": [
        null,
        1,
        1,
        null,
        1,
        1,
        1,
        null,
        null,
        null,
        null,
        null,
        null,
        null,
        null,
        null,
        null,
        null,
        null,
        null,
        null,
        null,
        null,
        null,
        null,
        null,
        1,
        null,
        1,
        null,
        1,
        null,
        null,
        null,
        null,
        1,
        null,
        null,
        null,
        null,
        null,
        null,
        null,
        null,
        null,
        null,
        null,
        null,
        null,
        null,
        1,
        null
      ],
      "/Users/megsvetz/megsvetz/coding/sites/bucket/config/environment.rb": [
        null,
        1,
        null,
        null,
        1
      ],
      "/Users/megsvetz/megsvetz/coding/sites/bucket/config/application.rb": [
        1,
        null,
        1,
        null,
        null,
        null,
        1,
        null,
        1,
        1,
        null,
        null,
        null,
        null,
        null,
        null,
        null,
        null,
        null,
        null,
        null,
        null,
        null,
        1,
        null,
        null
      ],
      "/Users/megsvetz/megsvetz/coding/sites/bucket/config/boot.rb": [
        1,
        null,
        1
      ],
      "/Users/megsvetz/megsvetz/coding/sites/bucket/config/environments/test.rb": [
        1,
        null,
        null,
        null,
        null,
        null,
        null,
        1,
        null,
        null,
        null,
        null,
        1,
        null,
        null,
        1,
        1,
        null,
        null,
        1,
        1,
        null,
        null,
        1,
        null,
        null,
        1,
        null,
        null,
        null,
        null,
        1,
        null,
        null,
        1,
        null,
        null,
        1,
        null,
        null,
        null,
        null
      ],
      "/Users/megsvetz/megsvetz/coding/sites/bucket/config/initializers/assets.rb": [
        null,
        null,
        null,
        1,
        null,
        null,
        null,
        null,
        null,
        null,
        1
      ],
      "/Users/megsvetz/megsvetz/coding/sites/bucket/config/initializers/backtrace_silencers.rb": [
        null,
        null,
        null,
        null,
        null,
        null,
        null
      ],
      "/Users/megsvetz/megsvetz/coding/sites/bucket/config/initializers/cookies_serializer.rb": [
        null,
        null,
        1
      ],
      "/Users/megsvetz/megsvetz/coding/sites/bucket/config/initializers/devise.rb": [
        null,
        null,
        1,
        1,
        1,
        null,
        null,
        null,
        null,
        null,
        null,
        null,
        null,
        null,
        null,
        null,
        1,
        null,
        null,
        null,
        null,
        null,
        null,
        null,
        null,
        1,
        null,
        null,
        null,
        null,
        null,
        null,
        null,
        null,
        null,
        null,
        null,
        null,
        null,
        null,
        null,
        null,
        null,
        null,
        null,
        null,
        null,
        1,
        null,
        null,
        null,
        null,
        1,
        null,
        null,
        null,
        null,
        null,
        null,
        null,
        null,
        null,
        null,
        null,
        null,
        null,
        null,
        null,
        null,
        null,
        null,
        null,
        null,
        null,
        null,
        null,
        null,
        null,
        null,
        null,
        null,
        null,
        null,
        1,
        null,
        null,
        null,
        null,
        null,
        null,
        null,
        null,
        null,
        null,
        null,
        null,
        null,
        null,
        null,
        null,
        1,
        null,
        null,
        null,
        null,
        null,
        null,
        null,
        null,
        null,
        null,
        null,
        null,
        null,
        null,
        null,
        null,
        null,
        null,
        null,
        null,
        null,
        null,
        null,
        null,
        1,
        null,
        null,
        null,
        null,
        null,
        null,
        null,
        null,
        null,
        1,
        null,
        null,
        null,
        null,
        null,
        null,
        null,
        null,
        null,
        null,
        1,
        null,
        null,
        null,
        null,
        null,
        null,
        null,
        null,
        null,
        null,
        null,
        null,
        null,
        null,
        null,
        null,
        null,
        null,
        null,
        null,
        null,
        null,
        null,
        null,
        null,
        null,
        null,
        null,
        null,
        null,
        null,
        null,
        null,
        null,
        null,
        null,
        null,
        null,
        null,
        null,
        null,
        null,
        null,
        null,
        null,
        null,
        null,
        null,
        1,
        null,
        null,
        null,
        null,
        null,
        null,
        null,
        null,
        null,
        null,
        null,
        null,
        null,
        null,
        null,
        null,
        null,
        null,
        null,
        1,
        null,
        null,
        null,
        null,
        null,
        null,
        null,
        null,
        null,
        null,
        null,
        null,
        null,
        null,
        null,
        null,
        null,
        null,
        null,
        null,
        null,
        1,
        null,
        null,
        null,
        null,
        null,
        null,
        null,
        null,
        null,
        null,
        null,
        null,
        null,
        null,
        null,
        null,
        null,
        null,
        null,
        null,
        null,
        null,
        null,
        null,
        null,
        null,
        null,
        null,
        null
      ],
      "/Users/megsvetz/megsvetz/coding/sites/bucket/config/initializers/filter_parameter_logging.rb": [
        null,
        null,
        null,
        1
      ],
      "/Users/megsvetz/megsvetz/coding/sites/bucket/config/initializers/inflections.rb": [
        null,
        null,
        null,
        null,
        null,
        null,
        null,
        null,
        null,
        null,
        null,
        null,
        null,
        null,
        null,
        null
      ],
      "/Users/megsvetz/megsvetz/coding/sites/bucket/config/initializers/mime_types.rb": [
        null,
        null,
        null,
        null
      ],
      "/Users/megsvetz/megsvetz/coding/sites/bucket/config/initializers/omniauth.rb": [
        1,
        1,
        null
      ],
      "/Users/megsvetz/megsvetz/coding/sites/bucket/config/initializers/session_store.rb": [
        null,
        null,
        1
      ],
      "/Users/megsvetz/megsvetz/coding/sites/bucket/config/initializers/twitter.rb": [
        1,
        0,
        0,
        0,
        null,
        0,
        null,
        null,
        null
      ],
      "/Users/megsvetz/megsvetz/coding/sites/bucket/config/initializers/wrap_parameters.rb": [
        null,
        null,
        null,
        null,
        null,
        null,
        1,
        1,
        null,
        null,
        null,
        null,
        null,
        null,
        null
      ],
      "/Users/megsvetz/megsvetz/coding/sites/bucket/config/routes.rb": [
        1,
        1,
        null,
        1,
        null,
        1,
        null,
        null,
        null,
        1,
        null,
        1,
        1,
        null,
        null,
        1,
        null
      ],
      "/Users/megsvetz/megsvetz/coding/sites/bucket/app/models/user.rb": [
        1,
        null,
        null,
        1,
        null,
        null,
        null,
        1,
        1,
        1,
        1,
        null,
        1,
        0,
        0,
        0,
        null,
        0,
        0,
        0,
        null,
        0,
        null,
        null,
        null,
        null,
        null,
        null,
        null,
        null,
        null,
        null
      ],
      "/Users/megsvetz/megsvetz/coding/sites/bucket/app/helpers/application_helper.rb": [
        1,
        null
      ],
      "/Users/megsvetz/megsvetz/coding/sites/bucket/app/helpers/categories_helper.rb": [
        1,
        null
      ],
      "/Users/megsvetz/megsvetz/coding/sites/bucket/app/helpers/goals_helper.rb": [
        1,
        null
      ],
      "/Users/megsvetz/megsvetz/coding/sites/bucket/app/helpers/pages_helper.rb": [
        1,
        null
      ],
      "/Users/megsvetz/megsvetz/coding/sites/bucket/app/helpers/registrations_helper.rb": [
        1,
        null
      ],
      "/Users/megsvetz/megsvetz/coding/sites/bucket/app/helpers/users_helper.rb": [
        1,
        null
      ],
      "/Users/megsvetz/megsvetz/coding/sites/bucket/app/models/category.rb": [
        1,
        1,
        1,
        1,
        1,
        null,
        null
      ],
      "/Users/megsvetz/megsvetz/coding/sites/bucket/app/models/goal.rb": [
        1,
        1,
        1,
        1,
        1,
        null,
        null,
        1,
        0,
        null,
        null
      ]
    },
    "timestamp": 1435764260
  }
}
